Wifipicker_net/proguard.cfg
-dontwarn 
-optimizationpasses 5
-dontusemixedcaseclassnames
-dontpreverify
-verbose
-ignorewarnings
-dontskipnonpubliclibraryclassmembers
-dontskipnonpubliclibraryclasses
-optimizations !code/simplification/arithmetic,!field/*,!class/merging/*

-libraryjars   libs/android-support-v4.jar
-libraryjars libs/rtmapAPI.jar
-dontwarn android.support.v4.**    
-keep class android.support.v4.** { *; }  
-keep interface android.support.v4.app.** { *; }  
-keep public class * extends android.support.v4.**  
-keep public class * extends android.app.Fragment
-keep class com.baidu.mapapi.** { *; }

-keep class com.rtm.location.** { *; }  

-keep class org.kobjects.** { *; }
-keep class org.ksoap2.** { *; }
-keep class org.kxml2.** { *; }
-keep class org.xmlpull.** { *; }

-keep class com.umeng.** { *; }

-keep class com.baidu.** { *; }

-keep public class * extends android.app.Activity
-keep public class * extends android.app.Application
-keep public class * extends android.app.Service
-keep public class * extends android.content.BroadcastReceiver
-keep public class * extends android.content.ContentProvider
-keep public class * extends android.app.backup.BackupAgentHelper
-keep public class * extends android.preference.Preference
-keep public class com.android.vending.licensing.ILicensingService
-keep public class com.rtmap.wifipicker.** { *; }


-keepclasseswithmembernames class * {
    native <methods>;
}

-keepclasseswithmembers class * {
    public <init>(android.content.Context, android.util.AttributeSet);
}

-keepclasseswithmembers class * {
    public <init>(android.content.Context, android.util.AttributeSet, int);
}

-keepclassmembers class * extends android.app.Activity {
   public void *(android.view.View);
}

-keepclassmembers enum * {
    public static **[] values();
    public static ** valueOf(java.lang.String);
}

-keep class * implements android.os.Parcelable {
  public static final android.os.Parcelable$Creator *;
}