Wifipicker_net/proguard/seeds.txt
com.rtmap.wifipicker.BuildConfig
com.rtmap.wifipicker.BuildConfig: boolean DEBUG
com.rtmap.wifipicker.BuildConfig: BuildConfig()
com.rtmap.wifipicker.BuildSession
com.rtmap.wifipicker.BuildSession: com.rtmap.wifipicker.BuildSession instance
com.rtmap.wifipicker.BuildSession: java.lang.String mBuildId
com.rtmap.wifipicker.BuildSession: java.lang.String mFloor
com.rtmap.wifipicker.BuildSession: java.lang.String mMapName
com.rtmap.wifipicker.BuildSession: float mMapScale
com.rtmap.wifipicker.BuildSession: float offsetX
com.rtmap.wifipicker.BuildSession: float offsetY
com.rtmap.wifipicker.BuildSession: BuildSession()
com.rtmap.wifipicker.BuildSession: com.rtmap.wifipicker.BuildSession getInstance()
com.rtmap.wifipicker.BuildSession: void setBuildId(java.lang.String)
com.rtmap.wifipicker.BuildSession: void setFloor(java.lang.String)
com.rtmap.wifipicker.BuildSession: void setScale(float)
com.rtmap.wifipicker.BuildSession: float getMapScale()
com.rtmap.wifipicker.BuildSession: float getOffsetX()
com.rtmap.wifipicker.BuildSession: void setOffsetX(float)
com.rtmap.wifipicker.BuildSession: float getOffsetY()
com.rtmap.wifipicker.BuildSession: void setOffsetY(float)
com.rtmap.wifipicker.BuildSession: void setMapName(java.lang.String)
com.rtmap.wifipicker.BuildSession: java.lang.String getBuildId()
com.rtmap.wifipicker.BuildSession: java.lang.String getFloor()
com.rtmap.wifipicker.BuildSession: java.lang.String getMapName()
com.rtmap.wifipicker.R
com.rtmap.wifipicker.R: R()
com.rtmap.wifipicker.R$anim
com.rtmap.wifipicker.R$anim: int anim_alpha2opaque
com.rtmap.wifipicker.R$anim: int item
com.rtmap.wifipicker.R$anim: int list_view
com.rtmap.wifipicker.R$anim: R$anim()
com.rtmap.wifipicker.R$array
com.rtmap.wifipicker.R$array: int commit_normal
com.rtmap.wifipicker.R$array: int commit_walk
com.rtmap.wifipicker.R$array: int gathering_modes
com.rtmap.wifipicker.R$array: int set_inter_list
com.rtmap.wifipicker.R$array: R$array()
com.rtmap.wifipicker.R$attr
com.rtmap.wifipicker.R$attr: R$attr()
com.rtmap.wifipicker.R$color
com.rtmap.wifipicker.R$color: int bg_item_normal
com.rtmap.wifipicker.R$color: int bg_item_press
com.rtmap.wifipicker.R$color: int blue
com.rtmap.wifipicker.R$color: int center_record_item_time_color
com.rtmap.wifipicker.R$color: int friend_line
com.rtmap.wifipicker.R$color: int green
com.rtmap.wifipicker.R$color: int white
com.rtmap.wifipicker.R$color: R$color()
com.rtmap.wifipicker.R$dimen
com.rtmap.wifipicker.R$dimen: int floor_dialog_width
com.rtmap.wifipicker.R$dimen: int menu_dialog_width
com.rtmap.wifipicker.R$dimen: int menu_width
com.rtmap.wifipicker.R$dimen: int nav_height
com.rtmap.wifipicker.R$dimen: int padding_big
com.rtmap.wifipicker.R$dimen: int padding_small
com.rtmap.wifipicker.R$dimen: int toast_margin
com.rtmap.wifipicker.R$dimen: R$dimen()
...
com.umeng.fb.ConversationActivity$3
com.umeng.fb.ConversationActivity$3: com.umeng.fb.ConversationActivity a
com.umeng.fb.ConversationActivity$3: ConversationActivity$3(com.umeng.fb.ConversationActivity)
com.umeng.fb.ConversationActivity$3: void onClick(android.view.View)
com.umeng.fb.ConversationActivity$4
com.umeng.fb.ConversationActivity$4: com.umeng.fb.ConversationActivity a
com.umeng.fb.ConversationActivity$4: ConversationActivity$4(com.umeng.fb.ConversationActivity)
com.umeng.fb.ConversationActivity$4: boolean onTouch(android.view.View,android.view.MotionEvent)
com.umeng.fb.ConversationActivity$4: void a(android.view.MotionEvent)
com.umeng.fb.ConversationActivity$5
com.umeng.fb.ConversationActivity$5: int b
com.umeng.fb.ConversationActivity$5: com.umeng.fb.ConversationActivity a
com.umeng.fb.ConversationActivity$5: ConversationActivity$5(com.umeng.fb.ConversationActivity)
com.umeng.fb.ConversationActivity$5: void onScroll(android.widget.AbsListView,int,int,int)
com.umeng.fb.ConversationActivity$5: void onScrollStateChanged(android.widget.AbsListView,int)
com.umeng.fb.ConversationActivity$6
com.umeng.fb.ConversationActivity$6: com.umeng.fb.ConversationActivity a
com.umeng.fb.ConversationActivity$6: ConversationActivity$6(com.umeng.fb.ConversationActivity)
com.umeng.fb.ConversationActivity$6: void onSendUserReply(java.util.List)
com.umeng.fb.ConversationActivity$6: void onReceiveDevReply(java.util.List)
com.umeng.fb.ConversationActivity$a
com.umeng.fb.ConversationActivity$a: android.content.Context a
com.umeng.fb.ConversationActivity$a: android.view.LayoutInflater b
com.umeng.fb.ConversationActivity$a: com.umeng.fb.ConversationActivity c
com.umeng.fb.ConversationActivity$a: ConversationActivity$a(com.umeng.fb.ConversationActivity,android.content.Context)
com.umeng.fb.ConversationActivity$a: int getCount()
com.umeng.fb.ConversationActivity$a: android.view.View getView(int,android.view.View,android.view.ViewGroup)
com.umeng.fb.ConversationActivity$a: java.lang.Object getItem(int)
com.umeng.fb.ConversationActivity$a: long getItemId(int)
com.umeng.fb.ConversationActivity$a$a
com.umeng.fb.ConversationActivity$a$a: android.widget.TextView a
com.umeng.fb.ConversationActivity$a$a: android.widget.TextView b
com.umeng.fb.ConversationActivity$a$a: com.umeng.fb.ConversationActivity$a c
com.umeng.fb.ConversationActivity$a$a: ConversationActivity$a$a(com.umeng.fb.ConversationActivity$a)
com.umeng.fb.FeedbackAgent
com.umeng.fb.FeedbackAgent: java.lang.String a
com.umeng.fb.FeedbackAgent: android.content.Context b
com.umeng.fb.FeedbackAgent: com.umeng.fb.model.Store c
com.umeng.fb.FeedbackAgent: FeedbackAgent(android.content.Context)
com.umeng.fb.FeedbackAgent: java.util.List getAllConversationIds()
com.umeng.fb.FeedbackAgent: com.umeng.fb.model.Conversation getConversationById(java.lang.String)
com.umeng.fb.FeedbackAgent: com.umeng.fb.model.Conversation getDefaultConversation()
com.umeng.fb.FeedbackAgent: void sync()
com.umeng.fb.FeedbackAgent: void a(java.lang.String)
com.umeng.fb.FeedbackAgent: com.umeng.fb.model.UserInfo getUserInfo()
com.umeng.fb.FeedbackAgent: void setUserInfo(com.umeng.fb.model.UserInfo)
com.umeng.fb.FeedbackAgent: long getUserInfoLastUpdateAt()
com.umeng.fb.FeedbackAgent: void startFeedbackActivity()
com.umeng.fb.FeedbackAgent: android.content.Context a(com.umeng.fb.FeedbackAgent)
com.umeng.fb.FeedbackAgent: void a(com.umeng.fb.FeedbackAgent,java.lang.String)
com.umeng.fb.FeedbackAgent: void <clinit>()
com.umeng.fb.FeedbackAgent$1
com.umeng.fb.FeedbackAgent$1: com.umeng.fb.FeedbackAgent a
com.umeng.fb.FeedbackAgent$1: FeedbackAgent$1(com.umeng.fb.FeedbackAgent)
com.umeng.fb.FeedbackAgent$1: void onSendUserReply(java.util.List)
com.umeng.fb.FeedbackAgent$1: void onReceiveDevReply(java.util.List)