Wifipicker_net/proguard/mapping.txt
com.rtmap.wifipicker.BuildConfig -> com.rtmap.wifipicker.BuildConfig:
    boolean DEBUG -> DEBUG
com.rtmap.wifipicker.BuildSession -> com.rtmap.wifipicker.BuildSession:
    com.rtmap.wifipicker.BuildSession instance -> instance
    java.lang.String mBuildId -> mBuildId
    java.lang.String mFloor -> mFloor
    java.lang.String mMapName -> mMapName
    float mMapScale -> mMapScale
    float offsetX -> offsetX
    float offsetY -> offsetY
    com.rtmap.wifipicker.BuildSession getInstance() -> getInstance
    void setBuildId(java.lang.String) -> setBuildId
    void setFloor(java.lang.String) -> setFloor
    void setScale(float) -> setScale
    float getMapScale() -> getMapScale
    float getOffsetX() -> getOffsetX
    void setOffsetX(float) -> setOffsetX
    float getOffsetY() -> getOffsetY
    void setOffsetY(float) -> setOffsetY
    void setMapName(java.lang.String) -> setMapName
    java.lang.String getBuildId() -> getBuildId
    java.lang.String getFloor() -> getFloor
    java.lang.String getMapName() -> getMapName
com.rtmap.wifipicker.R -> com.rtmap.wifipicker.R:
com.rtmap.wifipicker.R$anim -> com.rtmap.wifipicker.R$anim:
    int anim_alpha2opaque -> anim_alpha2opaque
    int item -> item
    int list_view -> list_view
com.rtmap.wifipicker.R$array -> com.rtmap.wifipicker.R$array:
    int commit_normal -> commit_normal
    int commit_walk -> commit_walk
    int gathering_modes -> gathering_modes
    int set_inter_list -> set_inter_list
com.rtmap.wifipicker.R$attr -> com.rtmap.wifipicker.R$attr:
com.rtmap.wifipicker.R$color -> com.rtmap.wifipicker.R$color:
    int bg_item_normal -> bg_item_normal
    int bg_item_press -> bg_item_press
    int blue -> blue
    int center_record_item_time_color -> center_record_item_time_color
    int friend_line -> friend_line
    int green -> green
    int white -> white
com.rtmap.wifipicker.R$dimen -> com.rtmap.wifipicker.R$dimen:
    int floor_dialog_width -> floor_dialog_width
    int menu_dialog_width -> menu_dialog_width
    int menu_width -> menu_width
    int nav_height -> nav_height
    int padding_big -> padding_big
    int padding_small -> padding_small
    int toast_margin -> toast_margin
com.rtmap.wifipicker.R$drawable -> com.rtmap.wifipicker.R$drawable:
    int arrow_down -> arrow_down
    int arrow_down_on -> arrow_down_on
    int arrow_left -> arrow_left
    int arrow_left_on -> arrow_left_on
    int arrow_right -> arrow_right
    int arrow_right_on -> arrow_right_on
    int arrow_up -> arrow_up
    int arrow_up_on -> arrow_up_on
    int bg_btn -> bg_btn
    int bg_item -> bg_item
    int bg_title -> bg_title
    int bkcolor -> bkcolor
    int blue_normal -> blue_normal
    int btn_disable -> btn_disable
    int btn_normal -> btn_normal
    int btn_press -> btn_press
    int btn_style_one_focused -> btn_style_one_focused
    int btn_style_one_normal -> btn_style_one_normal
    int btn_style_one_pressed -> btn_style_one_pressed
    int button_del_press -> button_del_press
    int button_down_selector -> button_down_selector
    int button_left_selector -> button_left_selector
    int button_mark_press -> button_mark_press
    int button_press -> button_press
    int button_right_selector -> button_right_selector
    int button_up_selector -> button_up_selector
    int delete_selector -> delete_selector
    int edit_indicator -> edit_indicator
    int et_rounded -> et_rounded
    int ic_launcher -> ic_launcher
    int icon -> icon
    int icon_a -> icon_a
    int icon_bottom_off -> icon_bottom_off
    int icon_bottom_on -> icon_bottom_on
    int icon_d -> icon_d
    int icon_del_off -> icon_del_off
    int icon_del_on -> icon_del_on
...
com.google.gson.stream.JsonReader$1 -> com.a.a.d.b:
    void promoteNameToValue(com.google.gson.stream.JsonReader) -> a
com.google.gson.stream.JsonToken -> com.a.a.d.c:
    com.google.gson.stream.JsonToken BEGIN_ARRAY -> a
    com.google.gson.stream.JsonToken END_ARRAY -> b
    com.google.gson.stream.JsonToken BEGIN_OBJECT -> c
    com.google.gson.stream.JsonToken END_OBJECT -> d
    com.google.gson.stream.JsonToken NAME -> e
    com.google.gson.stream.JsonToken STRING -> f
    com.google.gson.stream.JsonToken NUMBER -> g
    com.google.gson.stream.JsonToken BOOLEAN -> h
    com.google.gson.stream.JsonToken NULL -> i
    com.google.gson.stream.JsonToken END_DOCUMENT -> j
    com.google.gson.stream.JsonToken[] $VALUES -> k
    com.google.gson.stream.JsonToken[] values() -> values
    com.google.gson.stream.JsonToken valueOf(java.lang.String) -> valueOf
com.google.gson.stream.JsonWriter -> com.a.a.d.d:
    java.lang.String[] REPLACEMENT_CHARS -> a
    java.lang.String[] HTML_SAFE_REPLACEMENT_CHARS -> b
    java.io.Writer out -> c
    int[] stack -> d
    int stackSize -> e
    java.lang.String indent -> f
    java.lang.String separator -> g
    boolean lenient -> h
    boolean htmlSafe -> i
    java.lang.String deferredName -> j
    boolean serializeNulls -> k
    void setIndent(java.lang.String) -> c
    void setLenient(boolean) -> b
    boolean isLenient() -> g
    void setHtmlSafe(boolean) -> c
    boolean isHtmlSafe() -> h
    void setSerializeNulls(boolean) -> d
    boolean getSerializeNulls() -> i
    com.google.gson.stream.JsonWriter beginArray() -> b
    com.google.gson.stream.JsonWriter endArray() -> c
    com.google.gson.stream.JsonWriter beginObject() -> d
    com.google.gson.stream.JsonWriter endObject() -> e
    com.google.gson.stream.JsonWriter open(int,java.lang.String) -> a
    com.google.gson.stream.JsonWriter close(int,int,java.lang.String) -> a
    void push(int) -> a
    int peek() -> a
    void replaceTop(int) -> b
    com.google.gson.stream.JsonWriter name(java.lang.String) -> a
    void writeDeferredName() -> j
    com.google.gson.stream.JsonWriter value(java.lang.String) -> b
    com.google.gson.stream.JsonWriter nullValue() -> f
    com.google.gson.stream.JsonWriter value(boolean) -> a
    com.google.gson.stream.JsonWriter value(long) -> a
com.google.gson.stream.MalformedJsonException -> com.a.a.d.e:
com.rtm.frm.data.AbstractPOI -> com.rtm.frm.data.AbstractPOI:
    int mId -> f
    java.lang.String mName -> a
    java.lang.String mSubName -> b
    java.lang.String mFloor -> g
    float mX -> c
    float mY -> d
    int mstyle -> e
    int getMstyle() -> a
    int getId() -> b
    void setId(int) -> a
    java.lang.String getName() -> c
    java.lang.String getFloor() -> d
    void setFloor(java.lang.String) -> a
    float getX() -> e
    float getY_abs() -> f
com.rtm.frm.data.CheckinCounter -> com.rtm.frm.data.CheckinCounter:
    java.lang.String mImage -> f
    java.lang.String mTerminal -> g
    java.lang.String mShortTerminal -> h
    java.lang.String mInternational -> i
    java.lang.String mCheckInCounter -> j
    android.os.Parcelable$Creator CREATOR -> CREATOR
    int describeContents() -> describeContents
    void writeToParcel(android.os.Parcel,int) -> writeToParcel
com.rtm.frm.data.CheckinCounter$1 -> com.rtm.frm.data.a:
    java.lang.Object createFromParcel(android.os.Parcel) -> createFromParcel
    java.lang.Object[] newArray(int) -> newArray
com.rtm.frm.data.DownloadMessage -> com.rtm.frm.data.b:
    int progress -> a
    java.lang.String buildId -> b
    java.lang.String floorId -> c
com.rtm.frm.data.Floor -> com.rtm.frm.data.Floor:
    java.lang.String mFloor -> a
    java.lang.String mDescription -> b
    android.os.Parcelable$Creator CREATOR -> CREATOR
    int describeContents() -> describeContents
    void writeToParcel(android.os.Parcel,int) -> writeToParcel